<?xml version="1.0" encoding="UTF-8"?>
<testsuite name="com.cloudbridge.CloudBridgeApplicationTests" tests="1" skipped="0" failures="0" errors="0" timestamp="2025-11-12T03:36:23.588Z" hostname="DESKTOP-5ETSH6G" time="0.311">
  <properties/>
  <testcase name="contextLoads()" classname="com.cloudbridge.CloudBridgeApplicationTests" time="0.311"/>
  <system-out><![CDATA[12:36:17.948 [Test worker] INFO org.springframework.test.context.support.AnnotationConfigContextLoaderUtils -- Could not detect default configuration classes for test class [com.cloudbridge.CloudBridgeApplicationTests]: CloudBridgeApplicationTests does not declare any static, non-private, non-final, nested classes annotated with @Configuration.
12:36:18.070 [Test worker] INFO org.springframework.boot.test.context.SpringBootTestContextBootstrapper -- Found @SpringBootConfiguration com.cloudbridge.CloudBridgeApplication for test class com.cloudbridge.CloudBridgeApplicationTests

  .   ____          _            __ _ _
 /\\ / ___'_ __ _ _(_)_ __  __ _ \ \ \ \
( ( )\___ | '_ | '_| | '_ \/ _` | \ \ \ \
 \\/  ___)| |_)| | | | | || (_| |  ) ) ) )
  '  |____| .__|_| |_|_| |_\__, | / / / /
 =========|_|==============|___/=/_/_/_/

 :: Spring Boot ::                (v3.5.7)

2025-11-12T12:36:18.486+09:00  INFO 22096 --- [cloud_bridge] [    Test worker] c.c.CloudBridgeApplicationTests          : Starting CloudBridgeApplicationTests using Java 21.0.7 with PID 22096 (started by smhrd in C:\Users\smhrd\Desktop\Project-last\Back)
2025-11-12T12:36:18.486+09:00  INFO 22096 --- [cloud_bridge] [    Test worker] c.c.CloudBridgeApplicationTests          : No active profile set, falling back to 1 default profile: "default"
2025-11-12T12:36:19.223+09:00  INFO 22096 --- [cloud_bridge] [    Test worker] .s.d.r.c.RepositoryConfigurationDelegate : Bootstrapping Spring Data JPA repositories in DEFAULT mode.
2025-11-12T12:36:19.288+09:00  INFO 22096 --- [cloud_bridge] [    Test worker] .s.d.r.c.RepositoryConfigurationDelegate : Finished Spring Data repository scanning in 56 ms. Found 3 JPA repository interfaces.
2025-11-12T12:36:19.850+09:00  INFO 22096 --- [cloud_bridge] [    Test worker] com.zaxxer.hikari.HikariDataSource       : HikariPool-1 - Starting...
2025-11-12T12:36:20.266+09:00  INFO 22096 --- [cloud_bridge] [    Test worker] com.zaxxer.hikari.pool.HikariPool        : HikariPool-1 - Added connection com.mysql.cj.jdbc.ConnectionImpl@750cd36d
2025-11-12T12:36:20.266+09:00  INFO 22096 --- [cloud_bridge] [    Test worker] com.zaxxer.hikari.HikariDataSource       : HikariPool-1 - Start completed.
2025-11-12T12:36:20.427+09:00  INFO 22096 --- [cloud_bridge] [    Test worker] o.hibernate.jpa.internal.util.LogHelper  : HHH000204: Processing PersistenceUnitInfo [name: default]
2025-11-12T12:36:20.510+09:00  INFO 22096 --- [cloud_bridge] [    Test worker] org.hibernate.Version                    : HHH000412: Hibernate ORM core version 6.6.33.Final
2025-11-12T12:36:20.562+09:00  INFO 22096 --- [cloud_bridge] [    Test worker] o.h.c.internal.RegionFactoryInitiator    : HHH000026: Second-level cache disabled
2025-11-12T12:36:20.891+09:00  INFO 22096 --- [cloud_bridge] [    Test worker] o.s.o.j.p.SpringPersistenceUnitInfo      : No LoadTimeWeaver setup: ignoring JPA class transformer
2025-11-12T12:36:20.969+09:00  WARN 22096 --- [cloud_bridge] [    Test worker] org.hibernate.orm.deprecation            : HHH90000025: MySQL8Dialect does not need to be specified explicitly using 'hibernate.dialect' (remove the property setting and it will be selected by default)
2025-11-12T12:36:20.970+09:00  WARN 22096 --- [cloud_bridge] [    Test worker] org.hibernate.orm.deprecation            : HHH90000026: MySQL8Dialect has been deprecated; use org.hibernate.dialect.MySQLDialect instead
2025-11-12T12:36:20.981+09:00  INFO 22096 --- [cloud_bridge] [    Test worker] org.hibernate.orm.connections.pooling    : HHH10001005: Database info:
	Database JDBC URL [Connecting through datasource 'HikariDataSource (HikariPool-1)']
	Database driver: undefined/unknown
	Database version: 8.0
	Autocommit mode: undefined/unknown
	Isolation level: undefined/unknown
	Minimum pool size: undefined/unknown
	Maximum pool size: undefined/unknown
2025-11-12T12:36:20.990+09:00 DEBUG 22096 --- [cloud_bridge] [    Test worker] o.h.t.d.sql.spi.DdlTypeRegistry          : addDescriptor(12, org.hibernate.type.descriptor.sql.internal.CapacityDependentDdlType@1f85904a) replaced previous registration(org.hibernate.type.descriptor.sql.internal.CapacityDependentDdlType@514dc5f4)
2025-11-12T12:36:20.991+09:00 DEBUG 22096 --- [cloud_bridge] [    Test worker] o.h.t.d.sql.spi.DdlTypeRegistry          : addDescriptor(-9, org.hibernate.type.descriptor.sql.internal.CapacityDependentDdlType@633a11eb) replaced previous registration(org.hibernate.type.descriptor.sql.internal.CapacityDependentDdlType@7a247711)
2025-11-12T12:36:20.991+09:00 DEBUG 22096 --- [cloud_bridge] [    Test worker] o.h.t.d.sql.spi.DdlTypeRegistry          : addDescriptor(-3, org.hibernate.type.descriptor.sql.internal.CapacityDependentDdlType@4910afdf) replaced previous registration(org.hibernate.type.descriptor.sql.internal.CapacityDependentDdlType@764db16c)
2025-11-12T12:36:20.991+09:00 DEBUG 22096 --- [cloud_bridge] [    Test worker] o.h.t.d.sql.spi.DdlTypeRegistry          : addDescriptor(4003, org.hibernate.type.descriptor.sql.internal.DdlTypeImpl@45cb5307) replaced previous registration(org.hibernate.type.descriptor.sql.internal.DdlTypeImpl@1c8e2850)
2025-11-12T12:36:20.991+09:00 DEBUG 22096 --- [cloud_bridge] [    Test worker] o.h.t.d.sql.spi.DdlTypeRegistry          : addDescriptor(4001, org.hibernate.type.descriptor.sql.internal.DdlTypeImpl@50ac1249) replaced previous registration(org.hibernate.type.descriptor.sql.internal.DdlTypeImpl@4bf10fe1)
2025-11-12T12:36:20.991+09:00 DEBUG 22096 --- [cloud_bridge] [    Test worker] o.h.t.d.sql.spi.DdlTypeRegistry          : addDescriptor(4002, org.hibernate.type.descriptor.sql.internal.DdlTypeImpl@543d2ef3) replaced previous registration(org.hibernate.type.descriptor.sql.internal.DdlTypeImpl@399c408c)
2025-11-12T12:36:20.991+09:00 DEBUG 22096 --- [cloud_bridge] [    Test worker] o.h.t.d.sql.spi.DdlTypeRegistry          : addDescriptor(2004, org.hibernate.type.descriptor.sql.internal.CapacityDependentDdlType@99223ac) replaced previous registration(org.hibernate.type.descriptor.sql.internal.DdlTypeImpl@4a5fab78)
2025-11-12T12:36:20.991+09:00 DEBUG 22096 --- [cloud_bridge] [    Test worker] o.h.t.d.sql.spi.DdlTypeRegistry          : addDescriptor(2005, org.hibernate.type.descriptor.sql.internal.CapacityDependentDdlType@77a85e76) replaced previous registration(org.hibernate.type.descriptor.sql.internal.DdlTypeImpl@2cebf82f)
2025-11-12T12:36:20.992+09:00 DEBUG 22096 --- [cloud_bridge] [    Test worker] o.h.t.d.sql.spi.DdlTypeRegistry          : addDescriptor(2011, org.hibernate.type.descriptor.sql.internal.CapacityDependentDdlType@34fc315d) replaced previous registration(org.hibernate.type.descriptor.sql.internal.DdlTypeImpl@34f48d1)
2025-11-12T12:36:21.694+09:00  INFO 22096 --- [cloud_bridge] [    Test worker] o.h.e.t.j.p.i.JtaPlatformInitiator       : HHH000489: No JTA platform available (set 'hibernate.transaction.jta.platform' to enable JTA platform integration)
2025-11-12T12:36:21.696+09:00  INFO 22096 --- [cloud_bridge] [    Test worker] j.LocalContainerEntityManagerFactoryBean : Initialized JPA EntityManagerFactory for persistence unit 'default'
2025-11-12T12:36:21.987+09:00  INFO 22096 --- [cloud_bridge] [    Test worker] o.s.d.j.r.query.QueryEnhancerFactory     : Hibernate is in classpath; If applicable, HQL parser will be used.
2025-11-12T12:36:22.564+09:00  WARN 22096 --- [cloud_bridge] [    Test worker] JpaBaseConfiguration$JpaWebConfiguration : spring.jpa.open-in-view is enabled by default. Therefore, database queries may be performed during view rendering. Explicitly configure spring.jpa.open-in-view to disable this warning
2025-11-12T12:36:22.613+09:00  WARN 22096 --- [cloud_bridge] [    Test worker] .s.s.UserDetailsServiceAutoConfiguration : 

Using generated security password: f6eeccc5-2ef9-468c-bd32-aaac7d445945

This generated password is for development use only. Your security configuration must be updated before running your application in production.

2025-11-12T12:36:22.625+09:00  INFO 22096 --- [cloud_bridge] [    Test worker] r$InitializeUserDetailsManagerConfigurer : Global AuthenticationManager configured with UserDetailsService bean with name inMemoryUserDetailsManager
2025-11-12T12:36:23.574+09:00  INFO 22096 --- [cloud_bridge] [    Test worker] c.c.CloudBridgeApplicationTests          : Started CloudBridgeApplicationTests in 5.35 seconds (process running for 6.546)
]]></system-out>
  <system-err><![CDATA[Mockito is currently self-attaching to enable the inline-mock-maker. This will no longer work in future releases of the JDK. Please add Mockito as an agent to your build as described in Mockito's documentation: https://javadoc.io/doc/org.mockito/mockito-core/latest/org.mockito/org/mockito/Mockito.html#0.3
WARNING: A Java agent has been loaded dynamically (C:\Users\smhrd\.gradle\caches\modules-2\files-2.1\net.bytebuddy\byte-buddy-agent\1.17.8\f09415827a71be7ed621c7bd02550678f28bc81c\byte-buddy-agent-1.17.8.jar)
WARNING: If a serviceability tool is in use, please run with -XX:+EnableDynamicAgentLoading to hide this warning
WARNING: If a serviceability tool is not in use, please run with -Djdk.instrument.traceUsage for more information
WARNING: Dynamic loading of agents will be disallowed by default in a future release
]]></system-err>
</testsuite>
