<?xml version="1.0" encoding="UTF-8"?>
<testsuite name="com.cloudbridge.CloudBridgeApplicationTests" tests="1" skipped="0" failures="0" errors="0" timestamp="2025-11-18T06:58:43.265Z" hostname="DESKTOP-5ETSH6G" time="1.557">
  <properties/>
  <testcase name="contextLoads()" classname="com.cloudbridge.CloudBridgeApplicationTests" time="1.557"/>
  <system-out><![CDATA[15:58:00.012 [Test worker] INFO org.springframework.test.context.support.AnnotationConfigContextLoaderUtils -- Could not detect default configuration classes for test class [com.cloudbridge.CloudBridgeApplicationTests]: CloudBridgeApplicationTests does not declare any static, non-private, non-final, nested classes annotated with @Configuration.
15:58:00.918 [Test worker] INFO org.springframework.boot.test.context.SpringBootTestContextBootstrapper -- Found @SpringBootConfiguration com.cloudbridge.CloudBridgeApplication for test class com.cloudbridge.CloudBridgeApplicationTests

  .   ____          _            __ _ _
 /\\ / ___'_ __ _ _(_)_ __  __ _ \ \ \ \
( ( )\___ | '_ | '_| | '_ \/ _` | \ \ \ \
 \\/  ___)| |_)| | | | | || (_| |  ) ) ) )
  '  |____| .__|_| |_|_| |_\__, | / / / /
 =========|_|==============|___/=/_/_/_/

 :: Spring Boot ::                (v3.5.7)

2025-11-18T15:58:04.669+09:00  INFO 1120502 --- [cloud_bridge] [    Test worker] c.c.CloudBridgeApplicationTests          : Starting CloudBridgeApplicationTests using Java 21.0.8 with PID 1120502 (started by aerian in /mnt/c/Users/smhrd/Desktop/Project-last/Back)
2025-11-18T15:58:04.673+09:00  INFO 1120502 --- [cloud_bridge] [    Test worker] c.c.CloudBridgeApplicationTests          : No active profile set, falling back to 1 default profile: "default"
2025-11-18T15:58:10.375+09:00  INFO 1120502 --- [cloud_bridge] [    Test worker] .s.d.r.c.RepositoryConfigurationDelegate : Bootstrapping Spring Data JPA repositories in DEFAULT mode.
2025-11-18T15:58:11.241+09:00  INFO 1120502 --- [cloud_bridge] [    Test worker] .s.d.r.c.RepositoryConfigurationDelegate : Finished Spring Data repository scanning in 792 ms. Found 9 JPA repository interfaces.
2025-11-18T15:58:14.107+09:00  INFO 1120502 --- [cloud_bridge] [    Test worker] com.zaxxer.hikari.HikariDataSource       : HikariPool-1 - Starting...
2025-11-18T15:58:16.237+09:00  INFO 1120502 --- [cloud_bridge] [    Test worker] com.zaxxer.hikari.pool.HikariPool        : HikariPool-1 - Added connection com.mysql.cj.jdbc.ConnectionImpl@591be8aa
2025-11-18T15:58:16.258+09:00  INFO 1120502 --- [cloud_bridge] [    Test worker] com.zaxxer.hikari.HikariDataSource       : HikariPool-1 - Start completed.
2025-11-18T15:58:17.040+09:00  INFO 1120502 --- [cloud_bridge] [    Test worker] o.hibernate.jpa.internal.util.LogHelper  : HHH000204: Processing PersistenceUnitInfo [name: default]
2025-11-18T15:58:17.886+09:00  INFO 1120502 --- [cloud_bridge] [    Test worker] org.hibernate.Version                    : HHH000412: Hibernate ORM core version 6.6.33.Final
2025-11-18T15:58:18.312+09:00  INFO 1120502 --- [cloud_bridge] [    Test worker] o.h.c.internal.RegionFactoryInitiator    : HHH000026: Second-level cache disabled
2025-11-18T15:58:22.119+09:00  INFO 1120502 --- [cloud_bridge] [    Test worker] o.s.o.j.p.SpringPersistenceUnitInfo      : No LoadTimeWeaver setup: ignoring JPA class transformer
2025-11-18T15:58:22.879+09:00  WARN 1120502 --- [cloud_bridge] [    Test worker] org.hibernate.orm.deprecation            : HHH90000025: MySQL8Dialect does not need to be specified explicitly using 'hibernate.dialect' (remove the property setting and it will be selected by default)
2025-11-18T15:58:22.891+09:00  WARN 1120502 --- [cloud_bridge] [    Test worker] org.hibernate.orm.deprecation            : HHH90000026: MySQL8Dialect has been deprecated; use org.hibernate.dialect.MySQLDialect instead
2025-11-18T15:58:23.053+09:00  INFO 1120502 --- [cloud_bridge] [    Test worker] org.hibernate.orm.connections.pooling    : HHH10001005: Database info:
	Database JDBC URL [Connecting through datasource 'HikariDataSource (HikariPool-1)']
	Database driver: undefined/unknown
	Database version: 8.0
	Autocommit mode: undefined/unknown
	Isolation level: undefined/unknown
	Minimum pool size: undefined/unknown
	Maximum pool size: undefined/unknown
2025-11-18T15:58:23.109+09:00 DEBUG 1120502 --- [cloud_bridge] [    Test worker] o.h.t.d.sql.spi.DdlTypeRegistry          : addDescriptor(12, org.hibernate.type.descriptor.sql.internal.CapacityDependentDdlType@3c9ef37b) replaced previous registration(org.hibernate.type.descriptor.sql.internal.CapacityDependentDdlType@4888425d)
2025-11-18T15:58:23.109+09:00 DEBUG 1120502 --- [cloud_bridge] [    Test worker] o.h.t.d.sql.spi.DdlTypeRegistry          : addDescriptor(-9, org.hibernate.type.descriptor.sql.internal.CapacityDependentDdlType@3c8758d1) replaced previous registration(org.hibernate.type.descriptor.sql.internal.CapacityDependentDdlType@166ddfb7)
2025-11-18T15:58:23.110+09:00 DEBUG 1120502 --- [cloud_bridge] [    Test worker] o.h.t.d.sql.spi.DdlTypeRegistry          : addDescriptor(-3, org.hibernate.type.descriptor.sql.internal.CapacityDependentDdlType@5da3f32a) replaced previous registration(org.hibernate.type.descriptor.sql.internal.CapacityDependentDdlType@57b3d869)
2025-11-18T15:58:23.110+09:00 DEBUG 1120502 --- [cloud_bridge] [    Test worker] o.h.t.d.sql.spi.DdlTypeRegistry          : addDescriptor(4003, org.hibernate.type.descriptor.sql.internal.DdlTypeImpl@51f4439e) replaced previous registration(org.hibernate.type.descriptor.sql.internal.DdlTypeImpl@291cbe70)
2025-11-18T15:58:23.110+09:00 DEBUG 1120502 --- [cloud_bridge] [    Test worker] o.h.t.d.sql.spi.DdlTypeRegistry          : addDescriptor(4001, org.hibernate.type.descriptor.sql.internal.DdlTypeImpl@6be422da) replaced previous registration(org.hibernate.type.descriptor.sql.internal.DdlTypeImpl@225ddf5f)
2025-11-18T15:58:23.110+09:00 DEBUG 1120502 --- [cloud_bridge] [    Test worker] o.h.t.d.sql.spi.DdlTypeRegistry          : addDescriptor(4002, org.hibernate.type.descriptor.sql.internal.DdlTypeImpl@51468039) replaced previous registration(org.hibernate.type.descriptor.sql.internal.DdlTypeImpl@1d654b5f)
2025-11-18T15:58:23.110+09:00 DEBUG 1120502 --- [cloud_bridge] [    Test worker] o.h.t.d.sql.spi.DdlTypeRegistry          : addDescriptor(2004, org.hibernate.type.descriptor.sql.internal.CapacityDependentDdlType@575d48db) replaced previous registration(org.hibernate.type.descriptor.sql.internal.DdlTypeImpl@1b36d248)
2025-11-18T15:58:23.111+09:00 DEBUG 1120502 --- [cloud_bridge] [    Test worker] o.h.t.d.sql.spi.DdlTypeRegistry          : addDescriptor(2005, org.hibernate.type.descriptor.sql.internal.CapacityDependentDdlType@7e94de5f) replaced previous registration(org.hibernate.type.descriptor.sql.internal.DdlTypeImpl@499c4d61)
2025-11-18T15:58:23.111+09:00 DEBUG 1120502 --- [cloud_bridge] [    Test worker] o.h.t.d.sql.spi.DdlTypeRegistry          : addDescriptor(2011, org.hibernate.type.descriptor.sql.internal.CapacityDependentDdlType@74badf19) replaced previous registration(org.hibernate.type.descriptor.sql.internal.DdlTypeImpl@59b3f754)
2025-11-18T15:58:32.647+09:00  INFO 1120502 --- [cloud_bridge] [    Test worker] o.h.e.t.j.p.i.JtaPlatformInitiator       : HHH000489: No JTA platform available (set 'hibernate.transaction.jta.platform' to enable JTA platform integration)
2025-11-18T15:58:32.677+09:00  INFO 1120502 --- [cloud_bridge] [    Test worker] j.LocalContainerEntityManagerFactoryBean : Initialized JPA EntityManagerFactory for persistence unit 'default'
2025-11-18T15:58:34.735+09:00  INFO 1120502 --- [cloud_bridge] [    Test worker] o.s.d.j.r.query.QueryEnhancerFactory     : Hibernate is in classpath; If applicable, HQL parser will be used.
2025-11-18T15:58:38.633+09:00  WARN 1120502 --- [cloud_bridge] [    Test worker] JpaBaseConfiguration$JpaWebConfiguration : spring.jpa.open-in-view is enabled by default. Therefore, database queries may be performed during view rendering. Explicitly configure spring.jpa.open-in-view to disable this warning
2025-11-18T15:58:38.908+09:00  WARN 1120502 --- [cloud_bridge] [    Test worker] .s.s.UserDetailsServiceAutoConfiguration : 

Using generated security password: 66e494f3-36e7-4d68-97cb-b3561b99fafa

This generated password is for development use only. Your security configuration must be updated before running your application in production.

2025-11-18T15:58:38.978+09:00  INFO 1120502 --- [cloud_bridge] [    Test worker] r$InitializeUserDetailsManagerConfigurer : Global AuthenticationManager configured with UserDetailsService bean with name inMemoryUserDetailsManager
2025-11-18T15:58:43.157+09:00  INFO 1120502 --- [cloud_bridge] [    Test worker] c.c.CloudBridgeApplicationTests          : Started CloudBridgeApplicationTests in 40.557 seconds (process running for 46.561)
]]></system-out>
  <system-err><![CDATA[Mockito is currently self-attaching to enable the inline-mock-maker. This will no longer work in future releases of the JDK. Please add Mockito as an agent to your build as described in Mockito's documentation: https://javadoc.io/doc/org.mockito/mockito-core/latest/org.mockito/org/mockito/Mockito.html#0.3
WARNING: A Java agent has been loaded dynamically (/home/aerian/.gradle/caches/modules-2/files-2.1/net.bytebuddy/byte-buddy-agent/1.17.8/f09415827a71be7ed621c7bd02550678f28bc81c/byte-buddy-agent-1.17.8.jar)
WARNING: If a serviceability tool is in use, please run with -XX:+EnableDynamicAgentLoading to hide this warning
WARNING: If a serviceability tool is not in use, please run with -Djdk.instrument.traceUsage for more information
WARNING: Dynamic loading of agents will be disallowed by default in a future release
]]></system-err>
</testsuite>
